8.6398 	WARNING 	User requested fullscreen with size [1024  768], but screen is actually [1440, 900]. Using actual size
9.8358 	EXP 	Created window1 = Window(allowGUI=False, allowStencil=False, args=UNKNOWN, autoLog=True, bitsMode=UNKNOWN, blendMode='avg', color=array([0., 0., 0.]), colorSpace='rgb', fullscr=<method-wrapper '__getattribute__' of attributeSetter object at 0x130607d68>, gamma=None, gammaErrorPolicy='raise', kwargs=UNKNOWN, lms=UNKNOWN, monitor=<psychopy.monitors.calibTools.Monitor object at 0x1318a6c50>, multiSample=False, name='window1', numSamples=2, pos=[360.0, 225.0], screen=0, size=array([2880, 1800]), stereo=False, units='height', useFBO=True, useRetina=True, viewOri=0.0, viewPos=None, viewScale=None, waitBlanking=True, winType='pyglet')
9.8359 	EXP 	window1: recordFrameIntervals = False
10.0017 	EXP 	window1: recordFrameIntervals = True
10.1857 	EXP 	window1: recordFrameIntervals = False
10.7894 	EXP 	Created __instructions = TextStim(__class__=<class 'psychopy.visual.text.TextStim'>, alignHoriz='center', alignVert='center', antialias=True, autoLog=True, bold=False, color='white', colorSpace='named', contrast=1.0, depth=0.0, flipHoriz=False, flipVert=False, font='Arial', fontFiles=[], height=0.1, italic=False, languageStyle='LTR', name='__instructions', opacity=1.0, ori=0, pos=array([0., 0.]), rgb=array([255., 255., 255.]), text=str(...), units='height', win=Window(...), wrapWidth=1)
10.8476 	EXP 	Created text = TextStim(__class__=<class 'psychopy.visual.text.TextStim'>, alignHoriz='center', alignVert='center', antialias=True, autoLog=True, bold=False, color='white', colorSpace='named', contrast=1.0, depth=0.0, flipHoriz=False, flipVert=False, font='Arial', fontFiles=[], height=0.1, italic=False, languageStyle='LTR', name='text', opacity=1.0, ori=0, pos=array([0., 0.]), rgb=array([255., 255., 255.]), text='default text', units='height', win=Window(...), wrapWidth=1)
10.9030 	EXP 	Created _bye_text = TextStim(__class__=<class 'psychopy.visual.text.TextStim'>, alignHoriz='center', alignVert='center', antialias=True, autoLog=True, bold=False, color='white', colorSpace='named', contrast=1.0, depth=0.0, flipHoriz=False, flipVert=False, font='Arial', fontFiles=[], height=0.1, italic=False, languageStyle='LTR', name='_bye_text', opacity=1.0, ori=0, pos=array([0., 0.]), rgb=array([255., 255., 255.]), text='Todo: Bye bye!', units='height', win=Window(...), wrapWidth=1)
10.9729 	EXP 	__instructions: autoDraw = True
11.7773 	EXP 	Imported csvs/noise_conditions.csv as conditions, 4 conditions, 1 params
11.7777 	EXP 	Created sequence: random, trialTypes=4, nReps=1, seed=None
11.7781 	EXP 	New trial (rep=0, index=0): OrderedDict([('condition', 'condition_1')])
11.7969 	DATA 	Keypress: space
11.8187 	EXP 	__instructions: autoDraw = False
11.8187 	EXP 	text: text = 'condition_1'
11.8187 	EXP 	text: autoDraw = True
12.0864 	EXP 	Created sequence: random, trialTypes=1, nReps=5, seed=None
12.0866 	EXP 	New trial (rep=0, index=0): None
12.0868 	EXP 	Created sequence: random, trialTypes=1, nReps=5, seed=None
12.0870 	EXP 	New trial (rep=0, index=0): None
12.0873 	EXP 	New trial (rep=1, index=0): None
12.0877 	EXP 	New trial (rep=2, index=0): None
12.0880 	EXP 	New trial (rep=3, index=0): None
12.0883 	EXP 	New trial (rep=4, index=0): None
12.0886 	EXP 	New trial (rep=1, index=0): None
12.0889 	EXP 	Created sequence: random, trialTypes=1, nReps=5, seed=None
12.0891 	EXP 	New trial (rep=0, index=0): None
12.0894 	EXP 	New trial (rep=1, index=0): None
12.0897 	EXP 	New trial (rep=2, index=0): None
12.0900 	EXP 	New trial (rep=3, index=0): None
12.0903 	EXP 	New trial (rep=4, index=0): None
12.0907 	EXP 	New trial (rep=2, index=0): None
12.0909 	EXP 	Created sequence: random, trialTypes=1, nReps=5, seed=None
12.0911 	EXP 	New trial (rep=0, index=0): None
12.0915 	EXP 	New trial (rep=1, index=0): None
12.0918 	EXP 	New trial (rep=2, index=0): None
12.0923 	EXP 	New trial (rep=3, index=0): None
12.0926 	EXP 	New trial (rep=4, index=0): None
12.0930 	EXP 	New trial (rep=3, index=0): None
12.0932 	EXP 	Created sequence: random, trialTypes=1, nReps=5, seed=None
12.0935 	EXP 	New trial (rep=0, index=0): None
12.0938 	EXP 	New trial (rep=1, index=0): None
12.0941 	EXP 	New trial (rep=2, index=0): None
12.0944 	EXP 	New trial (rep=3, index=0): None
12.0947 	EXP 	New trial (rep=4, index=0): None
12.0951 	EXP 	New trial (rep=4, index=0): None
12.0953 	EXP 	Created sequence: random, trialTypes=1, nReps=5, seed=None
12.0955 	EXP 	New trial (rep=0, index=0): None
12.0958 	EXP 	New trial (rep=1, index=0): None
12.0961 	EXP 	New trial (rep=2, index=0): None
12.0964 	EXP 	New trial (rep=3, index=0): None
12.0967 	EXP 	New trial (rep=4, index=0): None
12.0972 	EXP 	New trial (rep=0, index=1): OrderedDict([('condition', 'condition_3')])
12.1067 	DATA 	Keypress: space
12.1175 	EXP 	text: autoDraw = False
12.1175 	EXP 	text: text = 'condition_3'
12.1175 	EXP 	text: autoDraw = True
12.4195 	EXP 	Created sequence: random, trialTypes=1, nReps=5, seed=None
12.4197 	EXP 	New trial (rep=0, index=0): None
12.4200 	EXP 	Created sequence: random, trialTypes=1, nReps=5, seed=None
12.4202 	EXP 	New trial (rep=0, index=0): None
12.4206 	EXP 	New trial (rep=1, index=0): None
12.4211 	EXP 	New trial (rep=2, index=0): None
12.4215 	EXP 	New trial (rep=3, index=0): None
12.4219 	EXP 	New trial (rep=4, index=0): None
12.4224 	EXP 	New trial (rep=1, index=0): None
12.4227 	EXP 	Created sequence: random, trialTypes=1, nReps=5, seed=None
12.4229 	EXP 	New trial (rep=0, index=0): None
12.4233 	EXP 	New trial (rep=1, index=0): None
12.4236 	EXP 	New trial (rep=2, index=0): None
12.4240 	EXP 	New trial (rep=3, index=0): None
12.4243 	EXP 	New trial (rep=4, index=0): None
12.4247 	EXP 	New trial (rep=2, index=0): None
12.4250 	EXP 	Created sequence: random, trialTypes=1, nReps=5, seed=None
12.4252 	EXP 	New trial (rep=0, index=0): None
12.4256 	EXP 	New trial (rep=1, index=0): None
12.4260 	EXP 	New trial (rep=2, index=0): None
12.4263 	EXP 	New trial (rep=3, index=0): None
12.4266 	EXP 	New trial (rep=4, index=0): None
12.4270 	EXP 	New trial (rep=3, index=0): None
12.4272 	EXP 	Created sequence: random, trialTypes=1, nReps=5, seed=None
12.4274 	EXP 	New trial (rep=0, index=0): None
12.4277 	EXP 	New trial (rep=1, index=0): None
12.4280 	EXP 	New trial (rep=2, index=0): None
12.4283 	EXP 	New trial (rep=3, index=0): None
12.4286 	EXP 	New trial (rep=4, index=0): None
12.4290 	EXP 	New trial (rep=4, index=0): None
12.4292 	EXP 	Created sequence: random, trialTypes=1, nReps=5, seed=None
12.4294 	EXP 	New trial (rep=0, index=0): None
12.4297 	EXP 	New trial (rep=1, index=0): None
12.4300 	EXP 	New trial (rep=2, index=0): None
12.4303 	EXP 	New trial (rep=3, index=0): None
12.4306 	EXP 	New trial (rep=4, index=0): None
12.4310 	EXP 	New trial (rep=0, index=2): OrderedDict([('condition', 'condition_4')])
12.4398 	DATA 	Keypress: space
12.4512 	EXP 	text: autoDraw = False
12.4512 	EXP 	text: text = 'condition_4'
12.4512 	EXP 	text: autoDraw = True
12.7363 	EXP 	Created sequence: random, trialTypes=1, nReps=5, seed=None
12.7366 	EXP 	New trial (rep=0, index=0): None
12.7369 	EXP 	Created sequence: random, trialTypes=1, nReps=5, seed=None
12.7371 	EXP 	New trial (rep=0, index=0): None
12.7375 	EXP 	New trial (rep=1, index=0): None
12.7379 	EXP 	New trial (rep=2, index=0): None
12.7382 	EXP 	New trial (rep=3, index=0): None
12.7386 	EXP 	New trial (rep=4, index=0): None
12.7390 	EXP 	New trial (rep=1, index=0): None
12.7393 	EXP 	Created sequence: random, trialTypes=1, nReps=5, seed=None
12.7395 	EXP 	New trial (rep=0, index=0): None
12.7400 	EXP 	New trial (rep=1, index=0): None
12.7404 	EXP 	New trial (rep=2, index=0): None
12.7408 	EXP 	New trial (rep=3, index=0): None
12.7412 	EXP 	New trial (rep=4, index=0): None
12.7416 	EXP 	New trial (rep=2, index=0): None
12.7419 	EXP 	Created sequence: random, trialTypes=1, nReps=5, seed=None
12.7421 	EXP 	New trial (rep=0, index=0): None
12.7425 	EXP 	New trial (rep=1, index=0): None
12.7429 	EXP 	New trial (rep=2, index=0): None
12.7434 	EXP 	New trial (rep=3, index=0): None
12.7438 	EXP 	New trial (rep=4, index=0): None
12.7443 	EXP 	New trial (rep=3, index=0): None
12.7446 	EXP 	Created sequence: random, trialTypes=1, nReps=5, seed=None
12.7449 	EXP 	New trial (rep=0, index=0): None
12.7453 	EXP 	New trial (rep=1, index=0): None
12.7457 	EXP 	New trial (rep=2, index=0): None
12.7461 	EXP 	New trial (rep=3, index=0): None
12.7466 	EXP 	New trial (rep=4, index=0): None
12.7470 	EXP 	New trial (rep=4, index=0): None
12.7474 	EXP 	Created sequence: random, trialTypes=1, nReps=5, seed=None
12.7476 	EXP 	New trial (rep=0, index=0): None
12.7481 	EXP 	New trial (rep=1, index=0): None
12.7484 	EXP 	New trial (rep=2, index=0): None
12.7489 	EXP 	New trial (rep=3, index=0): None
12.7492 	EXP 	New trial (rep=4, index=0): None
12.7497 	EXP 	New trial (rep=0, index=3): OrderedDict([('condition', 'condition_2')])
12.7583 	DATA 	Keypress: space
12.7703 	EXP 	text: autoDraw = False
12.7703 	EXP 	text: text = 'condition_2'
12.7703 	EXP 	text: autoDraw = True
13.0194 	EXP 	Created sequence: random, trialTypes=1, nReps=5, seed=None
13.0197 	EXP 	New trial (rep=0, index=0): None
13.0200 	EXP 	Created sequence: random, trialTypes=1, nReps=5, seed=None
13.0202 	EXP 	New trial (rep=0, index=0): None
13.0206 	EXP 	New trial (rep=1, index=0): None
13.0211 	EXP 	New trial (rep=2, index=0): None
13.0214 	EXP 	New trial (rep=3, index=0): None
13.0218 	EXP 	New trial (rep=4, index=0): None
13.0222 	EXP 	New trial (rep=1, index=0): None
13.0225 	EXP 	Created sequence: random, trialTypes=1, nReps=5, seed=None
13.0227 	EXP 	New trial (rep=0, index=0): None
13.0231 	EXP 	New trial (rep=1, index=0): None
13.0234 	EXP 	New trial (rep=2, index=0): None
13.0237 	EXP 	New trial (rep=3, index=0): None
13.0240 	EXP 	New trial (rep=4, index=0): None
13.0244 	EXP 	New trial (rep=2, index=0): None
13.0247 	EXP 	Created sequence: random, trialTypes=1, nReps=5, seed=None
13.0249 	EXP 	New trial (rep=0, index=0): None
13.0253 	EXP 	New trial (rep=1, index=0): None
13.0256 	EXP 	New trial (rep=2, index=0): None
13.0261 	EXP 	New trial (rep=3, index=0): None
13.0264 	EXP 	New trial (rep=4, index=0): None
13.0268 	EXP 	New trial (rep=3, index=0): None
13.0270 	EXP 	Created sequence: random, trialTypes=1, nReps=5, seed=None
13.0272 	EXP 	New trial (rep=0, index=0): None
13.0275 	EXP 	New trial (rep=1, index=0): None
13.0278 	EXP 	New trial (rep=2, index=0): None
13.0282 	EXP 	New trial (rep=3, index=0): None
13.0286 	EXP 	New trial (rep=4, index=0): None
13.0290 	EXP 	New trial (rep=4, index=0): None
13.0292 	EXP 	Created sequence: random, trialTypes=1, nReps=5, seed=None
13.0294 	EXP 	New trial (rep=0, index=0): None
13.0298 	EXP 	New trial (rep=1, index=0): None
13.0301 	EXP 	New trial (rep=2, index=0): None
13.0304 	EXP 	New trial (rep=3, index=0): None
13.0307 	EXP 	New trial (rep=4, index=0): None
13.0336 	DATA 	Keypress: space
13.0523 	EXP 	text: autoDraw = False
13.0523 	EXP 	_bye_text: autoDraw = True
13.8406 	DATA 	Keypress: space
13.8537 	EXP 	_bye_text: autoDraw = False
14.1361 	EXP 	window1: mouseVisible = True
