6.5726 	WARNING 	User requested fullscreen with size [1024  768], but screen is actually [1440, 900]. Using actual size
7.3788 	EXP 	Created window1 = Window(allowGUI=False, allowStencil=False, args=UNKNOWN, autoLog=True, bitsMode=UNKNOWN, blendMode='avg', color=array([0., 0., 0.]), colorSpace='rgb', fullscr=<method-wrapper '__getattribute__' of attributeSetter object at 0x131e0cfd0>, gamma=None, gammaErrorPolicy='raise', kwargs=UNKNOWN, lms=UNKNOWN, monitor=<psychopy.monitors.calibTools.Monitor object at 0x131be49b0>, multiSample=False, name='window1', numSamples=2, pos=[360.0, 225.0], screen=0, size=array([2880, 1800]), stereo=False, units='height', useFBO=True, useRetina=True, viewOri=0.0, viewPos=None, viewScale=None, waitBlanking=True, winType='pyglet')
7.3788 	EXP 	window1: recordFrameIntervals = False
7.5455 	EXP 	window1: recordFrameIntervals = True
7.7290 	EXP 	window1: recordFrameIntervals = False
8.2293 	EXP 	Created __instructions = TextStim(__class__=<class 'psychopy.visual.text.TextStim'>, alignHoriz='center', alignVert='center', antialias=True, autoLog=True, bold=False, color='white', colorSpace='named', contrast=1.0, depth=0.0, flipHoriz=False, flipVert=False, font='Arial', fontFiles=[], height=0.1, italic=False, languageStyle='LTR', name='__instructions', opacity=1.0, ori=0, pos=array([0., 0.]), rgb=array([255., 255., 255.]), text='TODO: ominoise instructions', units='height', win=Window(...), wrapWidth=1)
8.2881 	EXP 	Created text = TextStim(__class__=<class 'psychopy.visual.text.TextStim'>, alignHoriz='center', alignVert='center', antialias=True, autoLog=True, bold=False, color='white', colorSpace='named', contrast=1.0, depth=0.0, flipHoriz=False, flipVert=False, font='Arial', fontFiles=[], height=0.1, italic=False, languageStyle='LTR', name='text', opacity=1.0, ori=0, pos=array([0., 0.]), rgb=array([255., 255., 255.]), text='default text', units='height', win=Window(...), wrapWidth=1)
8.3659 	EXP 	__instructions: autoDraw = True
9.9123 	DATA 	Keypress: b
10.2386 	EXP 	Imported csvs/noise_conditions.csv as conditions, 4 conditions, 1 params
10.2391 	EXP 	Created sequence: random, trialTypes=4, nReps=4, seed=None
10.2394 	EXP 	New trial (rep=0, index=0): OrderedDict([('condition', 'condition 3')])
10.2482 	DATA 	Keypress: space
10.2657 	EXP 	__instructions: autoDraw = False
10.2657 	EXP 	text: text = 'condition 3'
10.2657 	EXP 	text: autoDraw = True
11.7341 	EXP 	Created sequence: random, trialTypes=1, nReps=5, seed=None
11.7343 	EXP 	New trial (rep=0, index=0): None
11.7345 	EXP 	Created sequence: random, trialTypes=1, nReps=5, seed=None
11.7347 	EXP 	New trial (rep=0, index=0): None
11.7351 	EXP 	New trial (rep=1, index=0): None
11.7355 	EXP 	New trial (rep=2, index=0): None
11.7359 	EXP 	New trial (rep=3, index=0): None
11.7363 	EXP 	New trial (rep=4, index=0): None
11.7366 	EXP 	New trial (rep=1, index=0): None
11.7369 	EXP 	Created sequence: random, trialTypes=1, nReps=5, seed=None
11.7371 	EXP 	New trial (rep=0, index=0): None
11.7374 	EXP 	New trial (rep=1, index=0): None
11.7377 	EXP 	New trial (rep=2, index=0): None
11.7380 	EXP 	New trial (rep=3, index=0): None
11.7383 	EXP 	New trial (rep=4, index=0): None
11.7386 	EXP 	New trial (rep=2, index=0): None
11.7389 	EXP 	Created sequence: random, trialTypes=1, nReps=5, seed=None
11.7391 	EXP 	New trial (rep=0, index=0): None
11.7394 	EXP 	New trial (rep=1, index=0): None
11.7398 	EXP 	New trial (rep=2, index=0): None
11.7401 	EXP 	New trial (rep=3, index=0): None
11.7404 	EXP 	New trial (rep=4, index=0): None
11.7407 	EXP 	New trial (rep=3, index=0): None
11.7409 	EXP 	Created sequence: random, trialTypes=1, nReps=5, seed=None
11.7411 	EXP 	New trial (rep=0, index=0): None
11.7414 	EXP 	New trial (rep=1, index=0): None
11.7418 	EXP 	New trial (rep=2, index=0): None
11.7421 	EXP 	New trial (rep=3, index=0): None
11.7424 	EXP 	New trial (rep=4, index=0): None
11.7429 	EXP 	New trial (rep=4, index=0): None
11.7432 	EXP 	Created sequence: random, trialTypes=1, nReps=5, seed=None
11.7433 	EXP 	New trial (rep=0, index=0): None
11.7437 	EXP 	New trial (rep=1, index=0): None
11.7441 	EXP 	New trial (rep=2, index=0): None
11.7445 	EXP 	New trial (rep=3, index=0): None
11.7448 	EXP 	New trial (rep=4, index=0): None
11.7452 	EXP 	New trial (rep=0, index=1): OrderedDict([('condition', 'condition 2')])
11.7536 	DATA 	Keypress: space
11.7660 	EXP 	text: autoDraw = False
11.7660 	EXP 	text: text = 'condition 2'
11.7660 	EXP 	text: autoDraw = True
12.2338 	EXP 	Created sequence: random, trialTypes=1, nReps=5, seed=None
12.2340 	EXP 	New trial (rep=0, index=0): None
12.2343 	EXP 	Created sequence: random, trialTypes=1, nReps=5, seed=None
12.2345 	EXP 	New trial (rep=0, index=0): None
12.2350 	EXP 	New trial (rep=1, index=0): None
12.2355 	EXP 	New trial (rep=2, index=0): None
12.2359 	EXP 	New trial (rep=3, index=0): None
12.2365 	EXP 	New trial (rep=4, index=0): None
12.2370 	EXP 	New trial (rep=1, index=0): None
12.2374 	EXP 	Created sequence: random, trialTypes=1, nReps=5, seed=None
12.2377 	EXP 	New trial (rep=0, index=0): None
12.2383 	EXP 	New trial (rep=1, index=0): None
12.2386 	EXP 	New trial (rep=2, index=0): None
12.2389 	EXP 	New trial (rep=3, index=0): None
12.2393 	EXP 	New trial (rep=4, index=0): None
12.2398 	EXP 	New trial (rep=2, index=0): None
12.2401 	EXP 	Created sequence: random, trialTypes=1, nReps=5, seed=None
12.2403 	EXP 	New trial (rep=0, index=0): None
12.2407 	EXP 	New trial (rep=1, index=0): None
12.2410 	EXP 	New trial (rep=2, index=0): None
12.2415 	EXP 	New trial (rep=3, index=0): None
12.2420 	EXP 	New trial (rep=4, index=0): None
12.2426 	EXP 	New trial (rep=3, index=0): None
12.2430 	EXP 	Created sequence: random, trialTypes=1, nReps=5, seed=None
12.2433 	EXP 	New trial (rep=0, index=0): None
12.2439 	EXP 	New trial (rep=1, index=0): None
12.2444 	EXP 	New trial (rep=2, index=0): None
12.2450 	EXP 	New trial (rep=3, index=0): None
12.2455 	EXP 	New trial (rep=4, index=0): None
12.2459 	EXP 	New trial (rep=4, index=0): None
12.2462 	EXP 	Created sequence: random, trialTypes=1, nReps=5, seed=None
12.2464 	EXP 	New trial (rep=0, index=0): None
12.2468 	EXP 	New trial (rep=1, index=0): None
12.2472 	EXP 	New trial (rep=2, index=0): None
12.2477 	EXP 	New trial (rep=3, index=0): None
12.2481 	EXP 	New trial (rep=4, index=0): None
12.2486 	EXP 	New trial (rep=0, index=2): OrderedDict([('condition', 'condition 1')])
12.2589 	DATA 	Keypress: space
12.2821 	EXP 	text: autoDraw = False
12.2821 	EXP 	text: text = 'condition 1'
12.2821 	EXP 	text: autoDraw = True
12.7165 	EXP 	Created sequence: random, trialTypes=1, nReps=5, seed=None
12.7167 	EXP 	New trial (rep=0, index=0): None
12.7169 	EXP 	Created sequence: random, trialTypes=1, nReps=5, seed=None
12.7171 	EXP 	New trial (rep=0, index=0): None
12.7175 	EXP 	New trial (rep=1, index=0): None
12.7180 	EXP 	New trial (rep=2, index=0): None
12.7187 	EXP 	New trial (rep=3, index=0): None
12.7191 	EXP 	New trial (rep=4, index=0): None
12.7197 	EXP 	New trial (rep=1, index=0): None
12.7201 	EXP 	Created sequence: random, trialTypes=1, nReps=5, seed=None
12.7204 	EXP 	New trial (rep=0, index=0): None
12.7209 	EXP 	New trial (rep=1, index=0): None
12.7213 	EXP 	New trial (rep=2, index=0): None
12.7220 	EXP 	New trial (rep=3, index=0): None
12.7224 	EXP 	New trial (rep=4, index=0): None
12.7230 	EXP 	New trial (rep=2, index=0): None
12.7233 	EXP 	Created sequence: random, trialTypes=1, nReps=5, seed=None
12.7236 	EXP 	New trial (rep=0, index=0): None
12.7241 	EXP 	New trial (rep=1, index=0): None
12.7244 	EXP 	New trial (rep=2, index=0): None
12.7248 	EXP 	New trial (rep=3, index=0): None
12.7252 	EXP 	New trial (rep=4, index=0): None
12.7256 	EXP 	New trial (rep=3, index=0): None
12.7260 	EXP 	Created sequence: random, trialTypes=1, nReps=5, seed=None
12.7262 	EXP 	New trial (rep=0, index=0): None
12.7270 	EXP 	New trial (rep=1, index=0): None
12.7279 	EXP 	New trial (rep=2, index=0): None
12.7285 	EXP 	New trial (rep=3, index=0): None
12.7290 	EXP 	New trial (rep=4, index=0): None
12.7296 	EXP 	New trial (rep=4, index=0): None
12.7300 	EXP 	Created sequence: random, trialTypes=1, nReps=5, seed=None
12.7303 	EXP 	New trial (rep=0, index=0): None
12.7310 	EXP 	New trial (rep=1, index=0): None
12.7315 	EXP 	New trial (rep=2, index=0): None
12.7319 	EXP 	New trial (rep=3, index=0): None
12.7323 	EXP 	New trial (rep=4, index=0): None
12.7329 	EXP 	New trial (rep=0, index=3): OrderedDict([('condition', 'condition 4')])
12.7437 	DATA 	Keypress: space
12.7651 	EXP 	text: autoDraw = False
12.7651 	EXP 	text: text = 'condition 4'
12.7651 	EXP 	text: autoDraw = True
13.1341 	EXP 	Created sequence: random, trialTypes=1, nReps=5, seed=None
13.1345 	EXP 	New trial (rep=0, index=0): None
13.1349 	EXP 	Created sequence: random, trialTypes=1, nReps=5, seed=None
13.1353 	EXP 	New trial (rep=0, index=0): None
13.1358 	EXP 	New trial (rep=1, index=0): None
13.1363 	EXP 	New trial (rep=2, index=0): None
13.1369 	EXP 	New trial (rep=3, index=0): None
13.1374 	EXP 	New trial (rep=4, index=0): None
13.1381 	EXP 	New trial (rep=1, index=0): None
13.1385 	EXP 	Created sequence: random, trialTypes=1, nReps=5, seed=None
13.1388 	EXP 	New trial (rep=0, index=0): None
13.1394 	EXP 	New trial (rep=1, index=0): None
13.1399 	EXP 	New trial (rep=2, index=0): None
13.1404 	EXP 	New trial (rep=3, index=0): None
13.1409 	EXP 	New trial (rep=4, index=0): None
13.1415 	EXP 	New trial (rep=2, index=0): None
13.1419 	EXP 	Created sequence: random, trialTypes=1, nReps=5, seed=None
13.1423 	EXP 	New trial (rep=0, index=0): None
13.1428 	EXP 	New trial (rep=1, index=0): None
13.1433 	EXP 	New trial (rep=2, index=0): None
13.1438 	EXP 	New trial (rep=3, index=0): None
13.1443 	EXP 	New trial (rep=4, index=0): None
13.1449 	EXP 	New trial (rep=3, index=0): None
13.1453 	EXP 	Created sequence: random, trialTypes=1, nReps=5, seed=None
13.1456 	EXP 	New trial (rep=0, index=0): None
13.1461 	EXP 	New trial (rep=1, index=0): None
13.1467 	EXP 	New trial (rep=2, index=0): None
13.1472 	EXP 	New trial (rep=3, index=0): None
13.1476 	EXP 	New trial (rep=4, index=0): None
13.1482 	EXP 	New trial (rep=4, index=0): None
13.1486 	EXP 	Created sequence: random, trialTypes=1, nReps=5, seed=None
13.1489 	EXP 	New trial (rep=0, index=0): None
13.1494 	EXP 	New trial (rep=1, index=0): None
13.1499 	EXP 	New trial (rep=2, index=0): None
13.1504 	EXP 	New trial (rep=3, index=0): None
13.1509 	EXP 	New trial (rep=4, index=0): None
13.1515 	EXP 	New trial (rep=1, index=0): OrderedDict([('condition', 'condition 2')])
13.1602 	DATA 	Keypress: space
13.1818 	EXP 	text: autoDraw = False
13.1818 	EXP 	text: text = 'condition 2'
13.1818 	EXP 	text: autoDraw = True
13.6997 	EXP 	Created sequence: random, trialTypes=1, nReps=5, seed=None
13.7000 	EXP 	New trial (rep=0, index=0): None
13.7002 	EXP 	Created sequence: random, trialTypes=1, nReps=5, seed=None
13.7005 	EXP 	New trial (rep=0, index=0): None
13.7008 	EXP 	New trial (rep=1, index=0): None
13.7012 	EXP 	New trial (rep=2, index=0): None
13.7015 	EXP 	New trial (rep=3, index=0): None
13.7019 	EXP 	New trial (rep=4, index=0): None
13.7023 	EXP 	New trial (rep=1, index=0): None
13.7026 	EXP 	Created sequence: random, trialTypes=1, nReps=5, seed=None
13.7028 	EXP 	New trial (rep=0, index=0): None
13.7032 	EXP 	New trial (rep=1, index=0): None
13.7036 	EXP 	New trial (rep=2, index=0): None
13.7039 	EXP 	New trial (rep=3, index=0): None
13.7042 	EXP 	New trial (rep=4, index=0): None
13.7046 	EXP 	New trial (rep=2, index=0): None
13.7051 	EXP 	Created sequence: random, trialTypes=1, nReps=5, seed=None
13.7053 	EXP 	New trial (rep=0, index=0): None
13.7057 	EXP 	New trial (rep=1, index=0): None
13.7060 	EXP 	New trial (rep=2, index=0): None
13.7064 	EXP 	New trial (rep=3, index=0): None
13.7068 	EXP 	New trial (rep=4, index=0): None
13.7071 	EXP 	New trial (rep=3, index=0): None
13.7073 	EXP 	Created sequence: random, trialTypes=1, nReps=5, seed=None
13.7076 	EXP 	New trial (rep=0, index=0): None
13.7080 	EXP 	New trial (rep=1, index=0): None
13.7083 	EXP 	New trial (rep=2, index=0): None
13.7087 	EXP 	New trial (rep=3, index=0): None
13.7091 	EXP 	New trial (rep=4, index=0): None
13.7096 	EXP 	New trial (rep=4, index=0): None
13.7099 	EXP 	Created sequence: random, trialTypes=1, nReps=5, seed=None
13.7100 	EXP 	New trial (rep=0, index=0): None
13.7104 	EXP 	New trial (rep=1, index=0): None
13.7108 	EXP 	New trial (rep=2, index=0): None
13.7112 	EXP 	New trial (rep=3, index=0): None
13.7116 	EXP 	New trial (rep=4, index=0): None
13.7120 	EXP 	New trial (rep=1, index=1): OrderedDict([('condition', 'condition 3')])
13.7187 	DATA 	Keypress: space
13.7323 	EXP 	text: autoDraw = False
13.7323 	EXP 	text: text = 'condition 3'
13.7323 	EXP 	text: autoDraw = True
13.9332 	EXP 	Created sequence: random, trialTypes=1, nReps=5, seed=None
13.9334 	EXP 	New trial (rep=0, index=0): None
13.9336 	EXP 	Created sequence: random, trialTypes=1, nReps=5, seed=None
13.9338 	EXP 	New trial (rep=0, index=0): None
13.9341 	EXP 	New trial (rep=1, index=0): None
13.9344 	EXP 	New trial (rep=2, index=0): None
13.9347 	EXP 	New trial (rep=3, index=0): None
13.9351 	EXP 	New trial (rep=4, index=0): None
13.9354 	EXP 	New trial (rep=1, index=0): None
13.9356 	EXP 	Created sequence: random, trialTypes=1, nReps=5, seed=None
13.9358 	EXP 	New trial (rep=0, index=0): None
13.9362 	EXP 	New trial (rep=1, index=0): None
13.9365 	EXP 	New trial (rep=2, index=0): None
13.9368 	EXP 	New trial (rep=3, index=0): None
13.9371 	EXP 	New trial (rep=4, index=0): None
13.9374 	EXP 	New trial (rep=2, index=0): None
13.9377 	EXP 	Created sequence: random, trialTypes=1, nReps=5, seed=None
13.9379 	EXP 	New trial (rep=0, index=0): None
13.9382 	EXP 	New trial (rep=1, index=0): None
13.9385 	EXP 	New trial (rep=2, index=0): None
13.9389 	EXP 	New trial (rep=3, index=0): None
13.9393 	EXP 	New trial (rep=4, index=0): None
13.9396 	EXP 	New trial (rep=3, index=0): None
13.9399 	EXP 	Created sequence: random, trialTypes=1, nReps=5, seed=None
13.9401 	EXP 	New trial (rep=0, index=0): None
13.9404 	EXP 	New trial (rep=1, index=0): None
13.9407 	EXP 	New trial (rep=2, index=0): None
13.9410 	EXP 	New trial (rep=3, index=0): None
13.9413 	EXP 	New trial (rep=4, index=0): None
13.9417 	EXP 	New trial (rep=4, index=0): None
13.9419 	EXP 	Created sequence: random, trialTypes=1, nReps=5, seed=None
13.9421 	EXP 	New trial (rep=0, index=0): None
13.9426 	EXP 	New trial (rep=1, index=0): None
13.9430 	EXP 	New trial (rep=2, index=0): None
13.9433 	EXP 	New trial (rep=3, index=0): None
13.9436 	EXP 	New trial (rep=4, index=0): None
13.9441 	EXP 	New trial (rep=1, index=2): OrderedDict([('condition', 'condition 1')])
13.9509 	DATA 	Keypress: space
13.9661 	EXP 	text: autoDraw = False
13.9661 	EXP 	text: text = 'condition 1'
13.9661 	EXP 	text: autoDraw = True
14.1004 	EXP 	Created sequence: random, trialTypes=1, nReps=5, seed=None
14.1006 	EXP 	New trial (rep=0, index=0): None
14.1008 	EXP 	Created sequence: random, trialTypes=1, nReps=5, seed=None
14.1010 	EXP 	New trial (rep=0, index=0): None
14.1013 	EXP 	New trial (rep=1, index=0): None
14.1016 	EXP 	New trial (rep=2, index=0): None
14.1019 	EXP 	New trial (rep=3, index=0): None
14.1023 	EXP 	New trial (rep=4, index=0): None
14.1028 	EXP 	New trial (rep=1, index=0): None
14.1030 	EXP 	Created sequence: random, trialTypes=1, nReps=5, seed=None
14.1032 	EXP 	New trial (rep=0, index=0): None
14.1035 	EXP 	New trial (rep=1, index=0): None
14.1039 	EXP 	New trial (rep=2, index=0): None
14.1042 	EXP 	New trial (rep=3, index=0): None
14.1045 	EXP 	New trial (rep=4, index=0): None
14.1050 	EXP 	New trial (rep=2, index=0): None
14.1052 	EXP 	Created sequence: random, trialTypes=1, nReps=5, seed=None
14.1054 	EXP 	New trial (rep=0, index=0): None
14.1057 	EXP 	New trial (rep=1, index=0): None
14.1061 	EXP 	New trial (rep=2, index=0): None
14.1064 	EXP 	New trial (rep=3, index=0): None
14.1067 	EXP 	New trial (rep=4, index=0): None
14.1073 	EXP 	New trial (rep=3, index=0): None
14.1076 	EXP 	Created sequence: random, trialTypes=1, nReps=5, seed=None
14.1078 	EXP 	New trial (rep=0, index=0): None
14.1081 	EXP 	New trial (rep=1, index=0): None
14.1085 	EXP 	New trial (rep=2, index=0): None
14.1089 	EXP 	New trial (rep=3, index=0): None
14.1093 	EXP 	New trial (rep=4, index=0): None
14.1097 	EXP 	New trial (rep=4, index=0): None
14.1100 	EXP 	Created sequence: random, trialTypes=1, nReps=5, seed=None
14.1101 	EXP 	New trial (rep=0, index=0): None
14.1105 	EXP 	New trial (rep=1, index=0): None
14.1109 	EXP 	New trial (rep=2, index=0): None
14.1112 	EXP 	New trial (rep=3, index=0): None
14.1117 	EXP 	New trial (rep=4, index=0): None
14.1121 	EXP 	New trial (rep=1, index=3): OrderedDict([('condition', 'condition 4')])
14.1188 	DATA 	Keypress: space
14.1315 	EXP 	text: autoDraw = False
14.1315 	EXP 	text: text = 'condition 4'
14.1315 	EXP 	text: autoDraw = True
14.2837 	EXP 	Created sequence: random, trialTypes=1, nReps=5, seed=None
14.2840 	EXP 	New trial (rep=0, index=0): None
14.2842 	EXP 	Created sequence: random, trialTypes=1, nReps=5, seed=None
14.2844 	EXP 	New trial (rep=0, index=0): None
14.2848 	EXP 	New trial (rep=1, index=0): None
14.2851 	EXP 	New trial (rep=2, index=0): None
14.2854 	EXP 	New trial (rep=3, index=0): None
14.2857 	EXP 	New trial (rep=4, index=0): None
14.2862 	EXP 	New trial (rep=1, index=0): None
14.2866 	EXP 	Created sequence: random, trialTypes=1, nReps=5, seed=None
14.2869 	EXP 	New trial (rep=0, index=0): None
14.2873 	EXP 	New trial (rep=1, index=0): None
14.2877 	EXP 	New trial (rep=2, index=0): None
14.2881 	EXP 	New trial (rep=3, index=0): None
14.2884 	EXP 	New trial (rep=4, index=0): None
14.2888 	EXP 	New trial (rep=2, index=0): None
14.2891 	EXP 	Created sequence: random, trialTypes=1, nReps=5, seed=None
14.2893 	EXP 	New trial (rep=0, index=0): None
14.2896 	EXP 	New trial (rep=1, index=0): None
14.2899 	EXP 	New trial (rep=2, index=0): None
14.2902 	EXP 	New trial (rep=3, index=0): None
14.2905 	EXP 	New trial (rep=4, index=0): None
14.2910 	EXP 	New trial (rep=3, index=0): None
14.2912 	EXP 	Created sequence: random, trialTypes=1, nReps=5, seed=None
14.2914 	EXP 	New trial (rep=0, index=0): None
14.2919 	EXP 	New trial (rep=1, index=0): None
14.2926 	EXP 	New trial (rep=2, index=0): None
14.2932 	EXP 	New trial (rep=3, index=0): None
14.2936 	EXP 	New trial (rep=4, index=0): None
14.2940 	EXP 	New trial (rep=4, index=0): None
14.2944 	EXP 	Created sequence: random, trialTypes=1, nReps=5, seed=None
14.2946 	EXP 	New trial (rep=0, index=0): None
14.2949 	EXP 	New trial (rep=1, index=0): None
14.2952 	EXP 	New trial (rep=2, index=0): None
14.2955 	EXP 	New trial (rep=3, index=0): None
14.2959 	EXP 	New trial (rep=4, index=0): None
14.2962 	EXP 	New trial (rep=2, index=0): OrderedDict([('condition', 'condition 2')])
14.3028 	DATA 	Keypress: space
14.3156 	EXP 	text: autoDraw = False
14.3156 	EXP 	text: text = 'condition 2'
14.3156 	EXP 	text: autoDraw = True
14.4831 	EXP 	Created sequence: random, trialTypes=1, nReps=5, seed=None
14.4833 	EXP 	New trial (rep=0, index=0): None
14.4835 	EXP 	Created sequence: random, trialTypes=1, nReps=5, seed=None
14.4837 	EXP 	New trial (rep=0, index=0): None
14.4840 	EXP 	New trial (rep=1, index=0): None
14.4844 	EXP 	New trial (rep=2, index=0): None
14.4848 	EXP 	New trial (rep=3, index=0): None
14.4852 	EXP 	New trial (rep=4, index=0): None
14.4857 	EXP 	New trial (rep=1, index=0): None
14.4859 	EXP 	Created sequence: random, trialTypes=1, nReps=5, seed=None
14.4861 	EXP 	New trial (rep=0, index=0): None
14.4864 	EXP 	New trial (rep=1, index=0): None
14.4867 	EXP 	New trial (rep=2, index=0): None
14.4870 	EXP 	New trial (rep=3, index=0): None
14.4875 	EXP 	New trial (rep=4, index=0): None
14.4879 	EXP 	New trial (rep=2, index=0): None
14.4881 	EXP 	Created sequence: random, trialTypes=1, nReps=5, seed=None
14.4883 	EXP 	New trial (rep=0, index=0): None
14.4887 	EXP 	New trial (rep=1, index=0): None
14.4890 	EXP 	New trial (rep=2, index=0): None
14.4893 	EXP 	New trial (rep=3, index=0): None
14.4897 	EXP 	New trial (rep=4, index=0): None
14.4902 	EXP 	New trial (rep=3, index=0): None
14.4906 	EXP 	Created sequence: random, trialTypes=1, nReps=5, seed=None
14.4908 	EXP 	New trial (rep=0, index=0): None
14.4911 	EXP 	New trial (rep=1, index=0): None
14.4915 	EXP 	New trial (rep=2, index=0): None
14.4918 	EXP 	New trial (rep=3, index=0): None
14.4921 	EXP 	New trial (rep=4, index=0): None
14.4926 	EXP 	New trial (rep=4, index=0): None
14.4928 	EXP 	Created sequence: random, trialTypes=1, nReps=5, seed=None
14.4931 	EXP 	New trial (rep=0, index=0): None
14.4934 	EXP 	New trial (rep=1, index=0): None
14.4937 	EXP 	New trial (rep=2, index=0): None
14.4940 	EXP 	New trial (rep=3, index=0): None
14.4943 	EXP 	New trial (rep=4, index=0): None
14.4947 	EXP 	New trial (rep=2, index=1): OrderedDict([('condition', 'condition 3')])
14.5016 	DATA 	Keypress: space
14.5157 	EXP 	text: autoDraw = False
14.5157 	EXP 	text: text = 'condition 3'
14.5157 	EXP 	text: autoDraw = True
14.6835 	EXP 	Created sequence: random, trialTypes=1, nReps=5, seed=None
14.6837 	EXP 	New trial (rep=0, index=0): None
14.6839 	EXP 	Created sequence: random, trialTypes=1, nReps=5, seed=None
14.6842 	EXP 	New trial (rep=0, index=0): None
14.6845 	EXP 	New trial (rep=1, index=0): None
14.6848 	EXP 	New trial (rep=2, index=0): None
14.6852 	EXP 	New trial (rep=3, index=0): None
14.6855 	EXP 	New trial (rep=4, index=0): None
14.6859 	EXP 	New trial (rep=1, index=0): None
14.6861 	EXP 	Created sequence: random, trialTypes=1, nReps=5, seed=None
14.6863 	EXP 	New trial (rep=0, index=0): None
14.6867 	EXP 	New trial (rep=1, index=0): None
14.6870 	EXP 	New trial (rep=2, index=0): None
14.6875 	EXP 	New trial (rep=3, index=0): None
14.6878 	EXP 	New trial (rep=4, index=0): None
14.6881 	EXP 	New trial (rep=2, index=0): None
14.6884 	EXP 	Created sequence: random, trialTypes=1, nReps=5, seed=None
14.6886 	EXP 	New trial (rep=0, index=0): None
14.6889 	EXP 	New trial (rep=1, index=0): None
14.6892 	EXP 	New trial (rep=2, index=0): None
14.6895 	EXP 	New trial (rep=3, index=0): None
14.6898 	EXP 	New trial (rep=4, index=0): None
14.6902 	EXP 	New trial (rep=3, index=0): None
14.6904 	EXP 	Created sequence: random, trialTypes=1, nReps=5, seed=None
14.6906 	EXP 	New trial (rep=0, index=0): None
14.6909 	EXP 	New trial (rep=1, index=0): None
14.6913 	EXP 	New trial (rep=2, index=0): None
14.6917 	EXP 	New trial (rep=3, index=0): None
14.6920 	EXP 	New trial (rep=4, index=0): None
14.6926 	EXP 	New trial (rep=4, index=0): None
14.6929 	EXP 	Created sequence: random, trialTypes=1, nReps=5, seed=None
14.6931 	EXP 	New trial (rep=0, index=0): None
14.6934 	EXP 	New trial (rep=1, index=0): None
14.6938 	EXP 	New trial (rep=2, index=0): None
14.6941 	EXP 	New trial (rep=3, index=0): None
14.6945 	EXP 	New trial (rep=4, index=0): None
14.6949 	EXP 	New trial (rep=2, index=2): OrderedDict([('condition', 'condition 4')])
14.7017 	DATA 	Keypress: space
14.7154 	EXP 	text: autoDraw = False
14.7154 	EXP 	text: text = 'condition 4'
14.7154 	EXP 	text: autoDraw = True
14.8667 	EXP 	Created sequence: random, trialTypes=1, nReps=5, seed=None
14.8669 	EXP 	New trial (rep=0, index=0): None
14.8671 	EXP 	Created sequence: random, trialTypes=1, nReps=5, seed=None
14.8673 	EXP 	New trial (rep=0, index=0): None
14.8676 	EXP 	New trial (rep=1, index=0): None
14.8680 	EXP 	New trial (rep=2, index=0): None
14.8684 	EXP 	New trial (rep=3, index=0): None
14.8688 	EXP 	New trial (rep=4, index=0): None
14.8692 	EXP 	New trial (rep=1, index=0): None
14.8694 	EXP 	Created sequence: random, trialTypes=1, nReps=5, seed=None
14.8696 	EXP 	New trial (rep=0, index=0): None
14.8700 	EXP 	New trial (rep=1, index=0): None
14.8703 	EXP 	New trial (rep=2, index=0): None
14.8706 	EXP 	New trial (rep=3, index=0): None
14.8709 	EXP 	New trial (rep=4, index=0): None
14.8713 	EXP 	New trial (rep=2, index=0): None
14.8715 	EXP 	Created sequence: random, trialTypes=1, nReps=5, seed=None
14.8717 	EXP 	New trial (rep=0, index=0): None
14.8720 	EXP 	New trial (rep=1, index=0): None
14.8723 	EXP 	New trial (rep=2, index=0): None
14.8726 	EXP 	New trial (rep=3, index=0): None
14.8731 	EXP 	New trial (rep=4, index=0): None
14.8735 	EXP 	New trial (rep=3, index=0): None
14.8737 	EXP 	Created sequence: random, trialTypes=1, nReps=5, seed=None
14.8739 	EXP 	New trial (rep=0, index=0): None
14.8742 	EXP 	New trial (rep=1, index=0): None
14.8761 	EXP 	New trial (rep=2, index=0): None
14.8764 	EXP 	New trial (rep=3, index=0): None
14.8768 	EXP 	New trial (rep=4, index=0): None
14.8772 	EXP 	New trial (rep=4, index=0): None
14.8774 	EXP 	Created sequence: random, trialTypes=1, nReps=5, seed=None
14.8776 	EXP 	New trial (rep=0, index=0): None
14.8780 	EXP 	New trial (rep=1, index=0): None
14.8784 	EXP 	New trial (rep=2, index=0): None
14.8789 	EXP 	New trial (rep=3, index=0): None
14.8794 	EXP 	New trial (rep=4, index=0): None
14.8800 	EXP 	New trial (rep=2, index=3): OrderedDict([('condition', 'condition 1')])
14.8868 	DATA 	Keypress: space
14.8990 	EXP 	text: autoDraw = False
14.8990 	EXP 	text: text = 'condition 1'
14.8990 	EXP 	text: autoDraw = True
15.0834 	EXP 	Created sequence: random, trialTypes=1, nReps=5, seed=None
15.0836 	EXP 	New trial (rep=0, index=0): None
15.0839 	EXP 	Created sequence: random, trialTypes=1, nReps=5, seed=None
15.0840 	EXP 	New trial (rep=0, index=0): None
15.0844 	EXP 	New trial (rep=1, index=0): None
15.0847 	EXP 	New trial (rep=2, index=0): None
15.0850 	EXP 	New trial (rep=3, index=0): None
15.0853 	EXP 	New trial (rep=4, index=0): None
15.0857 	EXP 	New trial (rep=1, index=0): None
15.0859 	EXP 	Created sequence: random, trialTypes=1, nReps=5, seed=None
15.0861 	EXP 	New trial (rep=0, index=0): None
15.0864 	EXP 	New trial (rep=1, index=0): None
15.0869 	EXP 	New trial (rep=2, index=0): None
15.0872 	EXP 	New trial (rep=3, index=0): None
15.0876 	EXP 	New trial (rep=4, index=0): None
15.0880 	EXP 	New trial (rep=2, index=0): None
15.0883 	EXP 	Created sequence: random, trialTypes=1, nReps=5, seed=None
15.0885 	EXP 	New trial (rep=0, index=0): None
15.0889 	EXP 	New trial (rep=1, index=0): None
15.0894 	EXP 	New trial (rep=2, index=0): None
15.0897 	EXP 	New trial (rep=3, index=0): None
15.0900 	EXP 	New trial (rep=4, index=0): None
15.0904 	EXP 	New trial (rep=3, index=0): None
15.0907 	EXP 	Created sequence: random, trialTypes=1, nReps=5, seed=None
15.0909 	EXP 	New trial (rep=0, index=0): None
15.0912 	EXP 	New trial (rep=1, index=0): None
15.0916 	EXP 	New trial (rep=2, index=0): None
15.0920 	EXP 	New trial (rep=3, index=0): None
15.0923 	EXP 	New trial (rep=4, index=0): None
15.0927 	EXP 	New trial (rep=4, index=0): None
15.0930 	EXP 	Created sequence: random, trialTypes=1, nReps=5, seed=None
15.0932 	EXP 	New trial (rep=0, index=0): None
15.0935 	EXP 	New trial (rep=1, index=0): None
15.0938 	EXP 	New trial (rep=2, index=0): None
15.0942 	EXP 	New trial (rep=3, index=0): None
15.0945 	EXP 	New trial (rep=4, index=0): None
15.0950 	EXP 	New trial (rep=3, index=0): OrderedDict([('condition', 'condition 2')])
15.1019 	DATA 	Keypress: space
15.1155 	EXP 	text: autoDraw = False
15.1155 	EXP 	text: text = 'condition 2'
15.1155 	EXP 	text: autoDraw = True
15.2835 	EXP 	Created sequence: random, trialTypes=1, nReps=5, seed=None
15.2837 	EXP 	New trial (rep=0, index=0): None
15.2839 	EXP 	Created sequence: random, trialTypes=1, nReps=5, seed=None
15.2841 	EXP 	New trial (rep=0, index=0): None
15.2844 	EXP 	New trial (rep=1, index=0): None
15.2847 	EXP 	New trial (rep=2, index=0): None
15.2851 	EXP 	New trial (rep=3, index=0): None
15.2854 	EXP 	New trial (rep=4, index=0): None
15.2858 	EXP 	New trial (rep=1, index=0): None
15.2860 	EXP 	Created sequence: random, trialTypes=1, nReps=5, seed=None
15.2862 	EXP 	New trial (rep=0, index=0): None
15.2865 	EXP 	New trial (rep=1, index=0): None
15.2868 	EXP 	New trial (rep=2, index=0): None
15.2871 	EXP 	New trial (rep=3, index=0): None
15.2875 	EXP 	New trial (rep=4, index=0): None
15.2878 	EXP 	New trial (rep=2, index=0): None
15.2881 	EXP 	Created sequence: random, trialTypes=1, nReps=5, seed=None
15.2883 	EXP 	New trial (rep=0, index=0): None
15.2886 	EXP 	New trial (rep=1, index=0): None
15.2889 	EXP 	New trial (rep=2, index=0): None
15.2893 	EXP 	New trial (rep=3, index=0): None
15.2898 	EXP 	New trial (rep=4, index=0): None
15.2901 	EXP 	New trial (rep=3, index=0): None
15.2905 	EXP 	Created sequence: random, trialTypes=1, nReps=5, seed=None
15.2907 	EXP 	New trial (rep=0, index=0): None
15.2912 	EXP 	New trial (rep=1, index=0): None
15.2915 	EXP 	New trial (rep=2, index=0): None
15.2920 	EXP 	New trial (rep=3, index=0): None
15.2928 	EXP 	New trial (rep=4, index=0): None
15.2932 	EXP 	New trial (rep=4, index=0): None
15.2936 	EXP 	Created sequence: random, trialTypes=1, nReps=5, seed=None
15.2939 	EXP 	New trial (rep=0, index=0): None
15.2943 	EXP 	New trial (rep=1, index=0): None
15.2947 	EXP 	New trial (rep=2, index=0): None
15.2952 	EXP 	New trial (rep=3, index=0): None
15.2955 	EXP 	New trial (rep=4, index=0): None
15.2960 	EXP 	New trial (rep=3, index=1): OrderedDict([('condition', 'condition 4')])
15.3030 	DATA 	Keypress: space
15.3152 	EXP 	text: autoDraw = False
15.3152 	EXP 	text: text = 'condition 4'
15.3152 	EXP 	text: autoDraw = True
15.4661 	EXP 	Created sequence: random, trialTypes=1, nReps=5, seed=None
15.4663 	EXP 	New trial (rep=0, index=0): None
15.4665 	EXP 	Created sequence: random, trialTypes=1, nReps=5, seed=None
15.4667 	EXP 	New trial (rep=0, index=0): None
15.4671 	EXP 	New trial (rep=1, index=0): None
15.4675 	EXP 	New trial (rep=2, index=0): None
15.4678 	EXP 	New trial (rep=3, index=0): None
15.4682 	EXP 	New trial (rep=4, index=0): None
15.4685 	EXP 	New trial (rep=1, index=0): None
15.4688 	EXP 	Created sequence: random, trialTypes=1, nReps=5, seed=None
15.4690 	EXP 	New trial (rep=0, index=0): None
15.4693 	EXP 	New trial (rep=1, index=0): None
15.4696 	EXP 	New trial (rep=2, index=0): None
15.4699 	EXP 	New trial (rep=3, index=0): None
15.4703 	EXP 	New trial (rep=4, index=0): None
15.4707 	EXP 	New trial (rep=2, index=0): None
15.4710 	EXP 	Created sequence: random, trialTypes=1, nReps=5, seed=None
15.4712 	EXP 	New trial (rep=0, index=0): None
15.4715 	EXP 	New trial (rep=1, index=0): None
15.4719 	EXP 	New trial (rep=2, index=0): None
15.4722 	EXP 	New trial (rep=3, index=0): None
15.4725 	EXP 	New trial (rep=4, index=0): None
15.4729 	EXP 	New trial (rep=3, index=0): None
15.4731 	EXP 	Created sequence: random, trialTypes=1, nReps=5, seed=None
15.4733 	EXP 	New trial (rep=0, index=0): None
15.4736 	EXP 	New trial (rep=1, index=0): None
15.4741 	EXP 	New trial (rep=2, index=0): None
15.4744 	EXP 	New trial (rep=3, index=0): None
15.4747 	EXP 	New trial (rep=4, index=0): None
15.4751 	EXP 	New trial (rep=4, index=0): None
15.4753 	EXP 	Created sequence: random, trialTypes=1, nReps=5, seed=None
15.4755 	EXP 	New trial (rep=0, index=0): None
15.4760 	EXP 	New trial (rep=1, index=0): None
15.4763 	EXP 	New trial (rep=2, index=0): None
15.4766 	EXP 	New trial (rep=3, index=0): None
15.4769 	EXP 	New trial (rep=4, index=0): None
15.4774 	EXP 	New trial (rep=3, index=2): OrderedDict([('condition', 'condition 1')])
15.4844 	DATA 	Keypress: space
15.4981 	EXP 	text: autoDraw = False
15.4981 	EXP 	text: text = 'condition 1'
15.4981 	EXP 	text: autoDraw = True
15.6672 	EXP 	Created sequence: random, trialTypes=1, nReps=5, seed=None
15.6674 	EXP 	New trial (rep=0, index=0): None
15.6677 	EXP 	Created sequence: random, trialTypes=1, nReps=5, seed=None
15.6679 	EXP 	New trial (rep=0, index=0): None
15.6682 	EXP 	New trial (rep=1, index=0): None
15.6685 	EXP 	New trial (rep=2, index=0): None
15.6688 	EXP 	New trial (rep=3, index=0): None
15.6693 	EXP 	New trial (rep=4, index=0): None
15.6697 	EXP 	New trial (rep=1, index=0): None
15.6699 	EXP 	Created sequence: random, trialTypes=1, nReps=5, seed=None
15.6701 	EXP 	New trial (rep=0, index=0): None
15.6705 	EXP 	New trial (rep=1, index=0): None
15.6708 	EXP 	New trial (rep=2, index=0): None
15.6711 	EXP 	New trial (rep=3, index=0): None
15.6715 	EXP 	New trial (rep=4, index=0): None
15.6719 	EXP 	New trial (rep=2, index=0): None
15.6722 	EXP 	Created sequence: random, trialTypes=1, nReps=5, seed=None
15.6724 	EXP 	New trial (rep=0, index=0): None
15.6727 	EXP 	New trial (rep=1, index=0): None
15.6731 	EXP 	New trial (rep=2, index=0): None
15.6735 	EXP 	New trial (rep=3, index=0): None
15.6738 	EXP 	New trial (rep=4, index=0): None
15.6742 	EXP 	New trial (rep=3, index=0): None
15.6744 	EXP 	Created sequence: random, trialTypes=1, nReps=5, seed=None
15.6747 	EXP 	New trial (rep=0, index=0): None
15.6750 	EXP 	New trial (rep=1, index=0): None
15.6753 	EXP 	New trial (rep=2, index=0): None
15.6757 	EXP 	New trial (rep=3, index=0): None
15.6761 	EXP 	New trial (rep=4, index=0): None
15.6765 	EXP 	New trial (rep=4, index=0): None
15.6767 	EXP 	Created sequence: random, trialTypes=1, nReps=5, seed=None
15.6769 	EXP 	New trial (rep=0, index=0): None
15.6773 	EXP 	New trial (rep=1, index=0): None
15.6776 	EXP 	New trial (rep=2, index=0): None
15.6781 	EXP 	New trial (rep=3, index=0): None
15.6784 	EXP 	New trial (rep=4, index=0): None
15.6789 	EXP 	New trial (rep=3, index=3): OrderedDict([('condition', 'condition 3')])
15.6862 	DATA 	Keypress: space
15.6985 	EXP 	text: autoDraw = False
15.6985 	EXP 	text: text = 'condition 3'
15.6985 	EXP 	text: autoDraw = True
15.8666 	EXP 	Created sequence: random, trialTypes=1, nReps=5, seed=None
15.8668 	EXP 	New trial (rep=0, index=0): None
15.8671 	EXP 	Created sequence: random, trialTypes=1, nReps=5, seed=None
15.8673 	EXP 	New trial (rep=0, index=0): None
15.8678 	EXP 	New trial (rep=1, index=0): None
15.8681 	EXP 	New trial (rep=2, index=0): None
15.8685 	EXP 	New trial (rep=3, index=0): None
15.8689 	EXP 	New trial (rep=4, index=0): None
15.8692 	EXP 	New trial (rep=1, index=0): None
15.8695 	EXP 	Created sequence: random, trialTypes=1, nReps=5, seed=None
15.8697 	EXP 	New trial (rep=0, index=0): None
15.8700 	EXP 	New trial (rep=1, index=0): None
15.8703 	EXP 	New trial (rep=2, index=0): None
15.8706 	EXP 	New trial (rep=3, index=0): None
15.8709 	EXP 	New trial (rep=4, index=0): None
15.8714 	EXP 	New trial (rep=2, index=0): None
15.8716 	EXP 	Created sequence: random, trialTypes=1, nReps=5, seed=None
15.8718 	EXP 	New trial (rep=0, index=0): None
15.8723 	EXP 	New trial (rep=1, index=0): None
15.8727 	EXP 	New trial (rep=2, index=0): None
15.8730 	EXP 	New trial (rep=3, index=0): None
15.8733 	EXP 	New trial (rep=4, index=0): None
15.8737 	EXP 	New trial (rep=3, index=0): None
15.8740 	EXP 	Created sequence: random, trialTypes=1, nReps=5, seed=None
15.8742 	EXP 	New trial (rep=0, index=0): None
15.8745 	EXP 	New trial (rep=1, index=0): None
15.8749 	EXP 	New trial (rep=2, index=0): None
15.8752 	EXP 	New trial (rep=3, index=0): None
15.8756 	EXP 	New trial (rep=4, index=0): None
15.8761 	EXP 	New trial (rep=4, index=0): None
15.8764 	EXP 	Created sequence: random, trialTypes=1, nReps=5, seed=None
15.8766 	EXP 	New trial (rep=0, index=0): None
15.8769 	EXP 	New trial (rep=1, index=0): None
15.8772 	EXP 	New trial (rep=2, index=0): None
15.8776 	EXP 	New trial (rep=3, index=0): None
15.8780 	EXP 	New trial (rep=4, index=0): None
15.8804 	DATA 	Keypress: space
15.8987 	EXP 	text: autoDraw = False
16.2170 	EXP 	window1: mouseVisible = True
9.0484 	WARNING 	User requested fullscreen with size [1024  768], but screen is actually [1440, 900]. Using actual size
9.7308 	EXP 	Created window1 = Window(allowGUI=False, allowStencil=False, args=UNKNOWN, autoLog=True, bitsMode=UNKNOWN, blendMode='avg', color=array([0., 0., 0.]), colorSpace='rgb', fullscr=<method-wrapper '__getattribute__' of attributeSetter object at 0x131aeeb38>, gamma=None, gammaErrorPolicy='raise', kwargs=UNKNOWN, lms=UNKNOWN, monitor=<psychopy.monitors.calibTools.Monitor object at 0x1319c6a20>, multiSample=False, name='window1', numSamples=2, pos=[360.0, 225.0], screen=0, size=array([2880, 1800]), stereo=False, units='height', useFBO=True, useRetina=True, viewOri=0.0, viewPos=None, viewScale=None, waitBlanking=True, winType='pyglet')
9.7308 	EXP 	window1: recordFrameIntervals = False
9.8974 	EXP 	window1: recordFrameIntervals = True
10.0806 	EXP 	window1: recordFrameIntervals = False
10.5488 	EXP 	Created __instructions = TextStim(__class__=<class 'psychopy.visual.text.TextStim'>, alignHoriz='center', alignVert='center', antialias=True, autoLog=True, bold=False, color='white', colorSpace='named', contrast=1.0, depth=0.0, flipHoriz=False, flipVert=False, font='Arial', fontFiles=[], height=0.1, italic=False, languageStyle='LTR', name='__instructions', opacity=1.0, ori=0, pos=array([0., 0.]), rgb=array([255., 255., 255.]), text='TODO: ominoise instructions', units='height', win=Window(...), wrapWidth=1)
10.6037 	EXP 	Created text = TextStim(__class__=<class 'psychopy.visual.text.TextStim'>, alignHoriz='center', alignVert='center', antialias=True, autoLog=True, bold=False, color='white', colorSpace='named', contrast=1.0, depth=0.0, flipHoriz=False, flipVert=False, font='Arial', fontFiles=[], height=0.1, italic=False, languageStyle='LTR', name='text', opacity=1.0, ori=0, pos=array([0., 0.]), rgb=array([255., 255., 255.]), text='default text', units='height', win=Window(...), wrapWidth=1)
10.6766 	EXP 	__instructions: autoDraw = True
11.1346 	EXP 	Imported csvs/noise_conditions.csv as conditions, 4 conditions, 1 params
11.1350 	EXP 	Created sequence: random, trialTypes=4, nReps=1, seed=None
11.1353 	EXP 	New trial (rep=0, index=0): OrderedDict([('condition', 'condition 1')])
11.1535 	DATA 	Keypress: space
11.1651 	EXP 	__instructions: autoDraw = False
11.1651 	EXP 	text: text = 'condition 1'
11.1651 	EXP 	text: autoDraw = True
11.7965 	EXP 	Created sequence: random, trialTypes=1, nReps=5, seed=None
11.7967 	EXP 	New trial (rep=0, index=0): None
11.7970 	EXP 	Created sequence: random, trialTypes=1, nReps=5, seed=None
11.7972 	EXP 	New trial (rep=0, index=0): None
11.7976 	EXP 	New trial (rep=1, index=0): None
11.7980 	EXP 	New trial (rep=2, index=0): None
11.7985 	EXP 	New trial (rep=3, index=0): None
11.7988 	EXP 	New trial (rep=4, index=0): None
11.7992 	EXP 	New trial (rep=1, index=0): None
11.7995 	EXP 	Created sequence: random, trialTypes=1, nReps=5, seed=None
11.7997 	EXP 	New trial (rep=0, index=0): None
11.8001 	EXP 	New trial (rep=1, index=0): None
11.8005 	EXP 	New trial (rep=2, index=0): None
11.8008 	EXP 	New trial (rep=3, index=0): None
11.8012 	EXP 	New trial (rep=4, index=0): None
11.8015 	EXP 	New trial (rep=2, index=0): None
11.8018 	EXP 	Created sequence: random, trialTypes=1, nReps=5, seed=None
11.8020 	EXP 	New trial (rep=0, index=0): None
11.8023 	EXP 	New trial (rep=1, index=0): None
11.8026 	EXP 	New trial (rep=2, index=0): None
11.8029 	EXP 	New trial (rep=3, index=0): None
11.8032 	EXP 	New trial (rep=4, index=0): None
11.8035 	EXP 	New trial (rep=3, index=0): None
11.8038 	EXP 	Created sequence: random, trialTypes=1, nReps=5, seed=None
11.8040 	EXP 	New trial (rep=0, index=0): None
11.8043 	EXP 	New trial (rep=1, index=0): None
11.8047 	EXP 	New trial (rep=2, index=0): None
11.8051 	EXP 	New trial (rep=3, index=0): None
11.8054 	EXP 	New trial (rep=4, index=0): None
11.8059 	EXP 	New trial (rep=4, index=0): None
11.8063 	EXP 	Created sequence: random, trialTypes=1, nReps=5, seed=None
11.8065 	EXP 	New trial (rep=0, index=0): None
11.8068 	EXP 	New trial (rep=1, index=0): None
11.8071 	EXP 	New trial (rep=2, index=0): None
11.8075 	EXP 	New trial (rep=3, index=0): None
11.8078 	EXP 	New trial (rep=4, index=0): None
11.8082 	EXP 	New trial (rep=0, index=1): OrderedDict([('condition', 'condition 3')])
11.8163 	DATA 	Keypress: space
11.8279 	EXP 	text: autoDraw = False
11.8279 	EXP 	text: text = 'condition 3'
11.8279 	EXP 	text: autoDraw = True
12.3794 	EXP 	Created sequence: random, trialTypes=1, nReps=5, seed=None
12.3796 	EXP 	New trial (rep=0, index=0): None
12.3799 	EXP 	Created sequence: random, trialTypes=1, nReps=5, seed=None
12.3801 	EXP 	New trial (rep=0, index=0): None
12.3805 	EXP 	New trial (rep=1, index=0): None
12.3809 	EXP 	New trial (rep=2, index=0): None
12.3814 	EXP 	New trial (rep=3, index=0): None
12.3817 	EXP 	New trial (rep=4, index=0): None
12.3821 	EXP 	New trial (rep=1, index=0): None
12.3824 	EXP 	Created sequence: random, trialTypes=1, nReps=5, seed=None
12.3826 	EXP 	New trial (rep=0, index=0): None
12.3831 	EXP 	New trial (rep=1, index=0): None
12.3835 	EXP 	New trial (rep=2, index=0): None
12.3839 	EXP 	New trial (rep=3, index=0): None
12.3843 	EXP 	New trial (rep=4, index=0): None
12.3846 	EXP 	New trial (rep=2, index=0): None
12.3849 	EXP 	Created sequence: random, trialTypes=1, nReps=5, seed=None
12.3851 	EXP 	New trial (rep=0, index=0): None
12.3854 	EXP 	New trial (rep=1, index=0): None
12.3857 	EXP 	New trial (rep=2, index=0): None
12.3860 	EXP 	New trial (rep=3, index=0): None
12.3863 	EXP 	New trial (rep=4, index=0): None
12.3867 	EXP 	New trial (rep=3, index=0): None
12.3869 	EXP 	Created sequence: random, trialTypes=1, nReps=5, seed=None
12.3871 	EXP 	New trial (rep=0, index=0): None
12.3874 	EXP 	New trial (rep=1, index=0): None
12.3877 	EXP 	New trial (rep=2, index=0): None
12.3882 	EXP 	New trial (rep=3, index=0): None
12.3885 	EXP 	New trial (rep=4, index=0): None
12.3889 	EXP 	New trial (rep=4, index=0): None
12.3891 	EXP 	Created sequence: random, trialTypes=1, nReps=5, seed=None
12.3893 	EXP 	New trial (rep=0, index=0): None
12.3897 	EXP 	New trial (rep=1, index=0): None
12.3900 	EXP 	New trial (rep=2, index=0): None
12.3903 	EXP 	New trial (rep=3, index=0): None
12.3906 	EXP 	New trial (rep=4, index=0): None
12.3910 	EXP 	New trial (rep=0, index=2): OrderedDict([('condition', 'condition 4')])
12.3996 	DATA 	Keypress: space
12.4114 	EXP 	text: autoDraw = False
12.4114 	EXP 	text: text = 'condition 4'
12.4114 	EXP 	text: autoDraw = True
12.9625 	EXP 	Created sequence: random, trialTypes=1, nReps=5, seed=None
12.9627 	EXP 	New trial (rep=0, index=0): None
12.9630 	EXP 	Created sequence: random, trialTypes=1, nReps=5, seed=None
12.9632 	EXP 	New trial (rep=0, index=0): None
12.9635 	EXP 	New trial (rep=1, index=0): None
12.9638 	EXP 	New trial (rep=2, index=0): None
12.9643 	EXP 	New trial (rep=3, index=0): None
12.9646 	EXP 	New trial (rep=4, index=0): None
12.9651 	EXP 	New trial (rep=1, index=0): None
12.9653 	EXP 	Created sequence: random, trialTypes=1, nReps=5, seed=None
12.9655 	EXP 	New trial (rep=0, index=0): None
12.9658 	EXP 	New trial (rep=1, index=0): None
12.9661 	EXP 	New trial (rep=2, index=0): None
12.9666 	EXP 	New trial (rep=3, index=0): None
12.9669 	EXP 	New trial (rep=4, index=0): None
12.9674 	EXP 	New trial (rep=2, index=0): None
12.9676 	EXP 	Created sequence: random, trialTypes=1, nReps=5, seed=None
12.9678 	EXP 	New trial (rep=0, index=0): None
12.9681 	EXP 	New trial (rep=1, index=0): None
12.9684 	EXP 	New trial (rep=2, index=0): None
12.9687 	EXP 	New trial (rep=3, index=0): None
12.9690 	EXP 	New trial (rep=4, index=0): None
12.9694 	EXP 	New trial (rep=3, index=0): None
12.9696 	EXP 	Created sequence: random, trialTypes=1, nReps=5, seed=None
12.9698 	EXP 	New trial (rep=0, index=0): None
12.9701 	EXP 	New trial (rep=1, index=0): None
12.9705 	EXP 	New trial (rep=2, index=0): None
12.9708 	EXP 	New trial (rep=3, index=0): None
12.9711 	EXP 	New trial (rep=4, index=0): None
12.9716 	EXP 	New trial (rep=4, index=0): None
12.9719 	EXP 	Created sequence: random, trialTypes=1, nReps=5, seed=None
12.9722 	EXP 	New trial (rep=0, index=0): None
12.9725 	EXP 	New trial (rep=1, index=0): None
12.9728 	EXP 	New trial (rep=2, index=0): None
12.9731 	EXP 	New trial (rep=3, index=0): None
12.9734 	EXP 	New trial (rep=4, index=0): None
12.9738 	EXP 	New trial (rep=0, index=3): OrderedDict([('condition', 'condition 2')])
12.9816 	DATA 	Keypress: space
12.9939 	EXP 	text: autoDraw = False
12.9939 	EXP 	text: text = 'condition 2'
12.9939 	EXP 	text: autoDraw = True
13.5634 	EXP 	Created sequence: random, trialTypes=1, nReps=5, seed=None
13.5637 	EXP 	New trial (rep=0, index=0): None
13.5640 	EXP 	Created sequence: random, trialTypes=1, nReps=5, seed=None
13.5642 	EXP 	New trial (rep=0, index=0): None
13.5645 	EXP 	New trial (rep=1, index=0): None
13.5649 	EXP 	New trial (rep=2, index=0): None
13.5652 	EXP 	New trial (rep=3, index=0): None
13.5655 	EXP 	New trial (rep=4, index=0): None
13.5658 	EXP 	New trial (rep=1, index=0): None
13.5661 	EXP 	Created sequence: random, trialTypes=1, nReps=5, seed=None
13.5662 	EXP 	New trial (rep=0, index=0): None
13.5666 	EXP 	New trial (rep=1, index=0): None
13.5669 	EXP 	New trial (rep=2, index=0): None
13.5672 	EXP 	New trial (rep=3, index=0): None
13.5675 	EXP 	New trial (rep=4, index=0): None
13.5679 	EXP 	New trial (rep=2, index=0): None
13.5681 	EXP 	Created sequence: random, trialTypes=1, nReps=5, seed=None
13.5683 	EXP 	New trial (rep=0, index=0): None
13.5686 	EXP 	New trial (rep=1, index=0): None
13.5689 	EXP 	New trial (rep=2, index=0): None
13.5692 	EXP 	New trial (rep=3, index=0): None
13.5695 	EXP 	New trial (rep=4, index=0): None
13.5699 	EXP 	New trial (rep=3, index=0): None
13.5701 	EXP 	Created sequence: random, trialTypes=1, nReps=5, seed=None
13.5703 	EXP 	New trial (rep=0, index=0): None
13.5707 	EXP 	New trial (rep=1, index=0): None
13.5710 	EXP 	New trial (rep=2, index=0): None
13.5714 	EXP 	New trial (rep=3, index=0): None
13.5717 	EXP 	New trial (rep=4, index=0): None
13.5721 	EXP 	New trial (rep=4, index=0): None
13.5724 	EXP 	Created sequence: random, trialTypes=1, nReps=5, seed=None
13.5725 	EXP 	New trial (rep=0, index=0): None
13.5729 	EXP 	New trial (rep=1, index=0): None
13.5732 	EXP 	New trial (rep=2, index=0): None
13.5736 	EXP 	New trial (rep=3, index=0): None
13.5739 	EXP 	New trial (rep=4, index=0): None
13.5761 	DATA 	Keypress: space
13.5942 	EXP 	text: autoDraw = False
13.8789 	EXP 	window1: mouseVisible = True
